<?xml version="1.0" encoding="UTF-8"?>
<!-- Generated by org.testng.reporters.JUnitXMLReporter -->
<testsuite ignored="0" hostname="LTIN307779" failures="1" tests="31" name="Default test" time="55.778" errors="0" timestamp="2023-11-02T14:13:57 IST">
  <testcase classname="testScenarios.DisplayBookshelves" name="testCaseReadJSON" time="0.048"/>
  <testcase classname="testScenarios.DisplayBookshelves" name="clickOnBookShelvesMenu" time="3.165"/>
  <testcase classname="testScenarios.DisplayBookshelves" name="closePopUp" time="2.715"/>
  <testcase classname="testScenarios.DisplayBookshelves" name="mouseHoverToPriceFilter" time="0.164"/>
  <testcase classname="testScenarios.DisplayBookshelves" name="waitForDragAndDropVisibility" time="0.62"/>
  <testcase classname="testScenarios.DisplayBookshelves" name="dragAndDropOfPriceFilter" time="0.649"/>
  <testcase classname="testScenarios.DisplayBookshelves" name="mouseHoverToStrogeTypFilter" time="0.169"/>
  <testcase classname="testScenarios.DisplayBookshelves" name="openAsStorageType" time="0.078"/>
  <testcase classname="testScenarios.DisplayBookshelves" name="enablingExcludeOutOfStock" time="0.066"/>
  <testcase classname="testScenarios.DisplayBookshelves" name="collectingBookShelvesList" time="3.404">
    <failure type="java.lang.ArrayIndexOutOfBoundsException" message="Index 30 out of bounds for length 30">
      <![CDATA[java.lang.ArrayIndexOutOfBoundsException: Index 30 out of bounds for length 30
at testScenarios.DisplayBookshelves.collectingBookShelvesList(DisplayBookshelves.java:232)
at java.base/jdk.internal.reflect.NativeMethodAccessorImpl.invoke0(Native Method)
at java.base/jdk.internal.reflect.NativeMethodAccessorImpl.invoke(NativeMethodAccessorImpl.java:77)
at java.base/jdk.internal.reflect.DelegatingMethodAccessorImpl.invoke(DelegatingMethodAccessorImpl.java:43)
at java.base/java.lang.reflect.Method.invoke(Method.java:568)
at org.testng.internal.invokers.MethodInvocationHelper.invokeMethod(MethodInvocationHelper.java:139)
at org.testng.internal.invokers.TestInvoker.invokeMethod(TestInvoker.java:664)
at org.testng.internal.invokers.TestInvoker.invokeTestMethod(TestInvoker.java:227)
at org.testng.internal.invokers.MethodRunner.runInSequence(MethodRunner.java:50)
at org.testng.internal.invokers.TestInvoker$MethodInvocationAgent.invoke(TestInvoker.java:957)
at org.testng.internal.invokers.TestInvoker.invokeTestMethods(TestInvoker.java:200)
at org.testng.internal.invokers.TestMethodWorker.invokeTestMethods(TestMethodWorker.java:148)
at org.testng.internal.invokers.TestMethodWorker.run(TestMethodWorker.java:128)
at java.base/java.util.ArrayList.forEach(ArrayList.java:1511)
at org.testng.TestRunner.privateRun(TestRunner.java:848)
at org.testng.TestRunner.run(TestRunner.java:621)
at org.testng.SuiteRunner.runTest(SuiteRunner.java:443)
at org.testng.SuiteRunner.runSequentially(SuiteRunner.java:437)
at org.testng.SuiteRunner.privateRun(SuiteRunner.java:397)
at org.testng.SuiteRunner.run(SuiteRunner.java:336)
at org.testng.SuiteRunnerWorker.runSuite(SuiteRunnerWorker.java:52)
at org.testng.SuiteRunnerWorker.run(SuiteRunnerWorker.java:95)
at org.testng.TestNG.runSuitesSequentially(TestNG.java:1280)
at org.testng.TestNG.runSuitesLocally(TestNG.java:1200)
at org.testng.TestNG.runSuites(TestNG.java:1114)
at org.testng.TestNG.run(TestNG.java:1082)
at org.testng.remote.AbstractRemoteTestNG.run(AbstractRemoteTestNG.java:115)
at org.testng.remote.RemoteTestNG.initAndRun(RemoteTestNG.java:251)
at org.testng.remote.RemoteTestNG.main(RemoteTestNG.java:77)
]]>
    </failure>
  </testcase> <!-- collectingBookShelvesList -->
  <testcase classname="testScenarios.DisplayBookshelves" name="displayingBookShelves" time="0.003"/>
  <testcase classname="testScenarios.DisplayBookshelves" name="screenShotOfBookShelves" time="0.418"/>
  <testcase classname="testScenarios.DisplayBookshelves" name="mouseHoverOfBrandFilter" time="0.177"/>
  <testcase classname="testScenarios.DisplayBookshelves" name="clickOnByAtHomeAsBrand" time="0.076"/>
  <testcase classname="testScenarios.DisplayBookshelves" name="byAtHomeBookShelvesList" time="1.125"/>
  <testcase classname="testScenarios.DisplayBookshelves" name="displayingByAtHomeBookShelves" time="0.055"/>
  <testcase classname="testScenarios.DisplayBookshelves" name="screenShotOfByAtHomeBookShelves" time="0.619"/>
  <testcase classname="testScenarios.DisplayBookshelves" name="waitForGiftCardVisibility" time="0.104"/>
  <testcase classname="testScenarios.DisplayBookshelves" name="clickOnGiftCard" time="31.65"/>
  <testcase classname="testScenarios.DisplayBookshelves" name="clickOnBirthdayOrAnniversary" time="0.177"/>
  <testcase classname="testScenarios.DisplayBookshelves" name="enteringAmount" time="0.247"/>
  <testcase classname="testScenarios.DisplayBookshelves" name="clickOnNext" time="0.128"/>
  <testcase classname="testScenarios.DisplayBookshelves" name="enterRecipientName" time="0.218"/>
  <testcase classname="testScenarios.DisplayBookshelves" name="enterRecipientEmail" time="0.199"/>
  <testcase classname="testScenarios.DisplayBookshelves" name="enterCustomerName" time="0.168"/>
  <testcase classname="testScenarios.DisplayBookshelves" name="enterCustomerEmail" time="0.183"/>
  <testcase classname="testScenarios.DisplayBookshelves" name="enterCustomerMobileNumber" time="0.164"/>
  <testcase classname="testScenarios.DisplayBookshelves" name="enterMessage" time="0.177"/>
  <testcase classname="testScenarios.DisplayBookshelves" name="clickOnConfirm" time="0.113"/>
  <testcase classname="testScenarios.DisplayBookshelves" name="screenShotOfErrorMessage" time="0.208"/>
  <testcase classname="testScenarios.DisplayBookshelves" name="displayErrorMessage" time="0.03"/>
</testsuite> <!-- Default test -->
